10:31:18.897 INFO  Loading commands... 
10:31:20.560 DEBUG Skipping slash command avatar. Disabled! 
10:31:20.641 DEBUG Skipping slash command botinvite. Disabled! 
10:31:20.807 DEBUG Skipping slash command botstats. Disabled! 
10:31:20.916 DEBUG Skipping slash command channelinfo. Disabled! 
10:31:20.993 DEBUG Skipping slash command emojiinfo. Disabled! 
10:31:21.077 DEBUG Skipping slash command guildinfo. Disabled! 
10:31:21.080 DEBUG Skipping slash command uptime. Disabled! 
10:31:21.141 DEBUG Skipping slash command userinfo. Disabled! 
10:31:21.253 DEBUG Skipping command bot. Disabled! 
10:31:21.285 DEBUG Skipping command info. Disabled! 
10:31:21.817 DEBUG Skipping slash command deafen. Disabled! 
10:31:21.894 DEBUG Skipping slash command disconnect. Disabled! 
10:31:21.999 DEBUG Skipping slash command move. Disabled! 
10:31:22.115 DEBUG Skipping slash command purge. Disabled! 
10:31:22.148 DEBUG Skipping slash command purgeattach. Disabled! 
10:31:22.197 DEBUG Skipping slash command purgebots. Disabled! 
10:31:22.233 DEBUG Skipping slash command purgelinks. Disabled! 
10:31:22.309 DEBUG Skipping slash command purgetoken. Disabled! 
10:31:22.360 DEBUG Skipping slash command purgeuser. Disabled! 
10:31:22.491 DEBUG Skipping command purge. Disabled! 
10:31:22.525 DEBUG Skipping command voice. Disabled! 
10:31:22.682 DEBUG Skipping slash command undeafen. Disabled! 
10:31:22.757 DEBUG Skipping slash command vmute. Disabled! 
10:31:22.791 DEBUG Skipping slash command vunmute. Disabled! 
10:31:23.868 INFO  Loaded 96 commands 
10:31:23.869 INFO  Loaded 80 slash commands 
10:31:23.869 INFO  Loading contexts... 
10:31:23.929 INFO  Loaded 2 USER contexts 
10:31:23.930 INFO  Loaded 0 MESSAGE contexts 
10:31:23.933 INFO  Loading events... 
10:31:24.679 INFO  Loaded 22 events. Success (22) Failed (0) 
10:31:24.681 INFO  Validating config.js and environment variables 
10:31:24.682 INFO  Connecting to MongoDb... 
10:31:27.556 INFO  Mongoose: Database connection established 
10:31:27.932 WARN  VersionCheck: 4.2.1 update is available 
10:31:27.933 WARN  download: https://github.com/saiteja-madha/discord-js-bot/releases/latest 
10:31:29.405 INFO  Logged in as Narcotics#5816! (957498797720739931) 
10:31:29.406 INFO  Initializing music manager 
10:31:29.412 INFO  Initializing giveaways manager 
10:31:29.638 ERROR getaddrinfo ENOTFOUND ger.lavalink.mitask.tech
{"errno":-3008,"code":"ENOTFOUND","syscall":"getaddrinfo","hostname":"ger.lavalink.mitask.tech"}
Error: getaddrinfo ENOTFOUND ger.lavalink.mitask.tech
    at GetAddrInfoReqWrap.onlookup [as oncomplete] (node:dns:71:26) 
10:31:29.953 INFO  Successfully registered slash commands 
10:31:30.222 INFO  Node "USA Link" connected 
10:31:34.654 WARN  Node "German Link" is reconnecting 
10:31:34.665 ERROR getaddrinfo ENOTFOUND ger.lavalink.mitask.tech
{"errno":-3008,"code":"ENOTFOUND","syscall":"getaddrinfo","hostname":"ger.lavalink.mitask.tech"}
Error: getaddrinfo ENOTFOUND ger.lavalink.mitask.tech
    at GetAddrInfoReqWrap.onlookup [as oncomplete] (node:dns:71:26) 
10:31:39.671 WARN  Node "German Link" is reconnecting 
10:31:39.742 ERROR getaddrinfo ENOTFOUND ger.lavalink.mitask.tech
{"errno":-3008,"code":"ENOTFOUND","syscall":"getaddrinfo","hostname":"ger.lavalink.mitask.tech"}
Error: getaddrinfo ENOTFOUND ger.lavalink.mitask.tech
    at GetAddrInfoReqWrap.onlookup [as oncomplete] (node:dns:71:26) 
10:31:44.756 WARN  Node "German Link" is reconnecting 
10:31:44.771 ERROR getaddrinfo ENOTFOUND ger.lavalink.mitask.tech
{"errno":-3008,"code":"ENOTFOUND","syscall":"getaddrinfo","hostname":"ger.lavalink.mitask.tech"}
Error: getaddrinfo ENOTFOUND ger.lavalink.mitask.tech
    at GetAddrInfoReqWrap.onlookup [as oncomplete] (node:dns:71:26) 
10:31:49.785 WARN  Node "German Link" is reconnecting 
10:31:49.802 ERROR getaddrinfo ENOTFOUND ger.lavalink.mitask.tech
{"errno":-3008,"code":"ENOTFOUND","syscall":"getaddrinfo","hostname":"ger.lavalink.mitask.tech"}
Error: getaddrinfo ENOTFOUND ger.lavalink.mitask.tech
    at GetAddrInfoReqWrap.onlookup [as oncomplete] (node:dns:71:26) 
10:31:54.854 ERROR Unable to connect after 5 attempts.
{}
Error: Unable to connect after 5 attempts.
    at Timeout._onTimeout (S:\Nerdify Tech\Bot files\Narcotics\node_modules\erela.js\dist\structures\Node.js:176:31)
    at listOnTimeout (node:internal/timers:559:17)
    at processTimers (node:internal/timers:502:7) 
